<?xml version="1.0" encoding="UTF-8"?>
<!-- Generated by org.testng.reporters.JUnitReportReporter -->
<testsuite hostname="LAPTOP-217R14G5" failures="0" tests="2" name="first.Jenkin1" time="0.104" errors="0" timestamp="2022-08-16T11:20:28 IST" skipped="0">
  <testcase classname="first.Jenkin1" name="display" time="0.100"/>
  <system-out/>
  <testcase classname="first.Jenkin1" name="sub" time="0.004"/>
  <system-out/>
</testsuite> <!-- first.Jenkin1 -->
